[2024-01-16 21:29:04] Текст ошибки: Ошибочка вышла | Файл: C:\OSPanel\domains\new-ishop.loc\public\index.php | Строка: 17
=================
[2024-01-16 21:29:04] Текст ошибки: Ошибочка вышла | Файл: C:\OSPanel\domains\new-ishop.loc\public\index.php | Строка: 17
=================
[2024-01-16 21:31:40] Текст ошибки: Ошибочка вышла | Файл: C:\OSPanel\domains\new-ishop.loc\public\index.php | Строка: 16
=================
[2024-01-16 21:34:59] Текст ошибки: Undefined variable $ttteessst | Файл: C:\OSPanel\domains\new-ishop.loc\public\index.php | Строка: 18
=================
[2024-01-16 21:36:00] Текст ошибки: Undefined variable $ttteessst | Файл: C:\OSPanel\domains\new-ishop.loc\public\index.php | Строка: 18
=================
[2024-01-16 21:36:03] Текст ошибки: Undefined variable $ttteessst | Файл: C:\OSPanel\domains\new-ishop.loc\public\index.php | Строка: 18
=================
[2024-01-16 21:36:48] Текст ошибки: Ошибочка вышла | Файл: C:\OSPanel\domains\new-ishop.loc\public\index.php | Строка: 16
=================
[2024-01-19 19:04:21] Текст ошибки: Ошибочка вышла | Файл: C:\OSPanel\domains\new-ishop.loc\public\index.php | Строка: 19
=================
[2024-01-19 19:04:21] Текст ошибки: Ошибочка вышла | Файл: C:\OSPanel\domains\new-ishop.loc\public\index.php | Строка: 19
=================
[2024-01-20 21:34:52] Текст ошибки: Call to undefined method wfm\Router::upperCamelCase() | Файл: C:\OSPanel\domains\new-ishop.loc\vendor\wfm\Router.php | Строка: 62
=================
[2024-01-21 15:41:27] Текст ошибки: Контроллер app\controllers\MainController не найден | Файл: C:\OSPanel\domains\new-ishop.loc\vendor\wfm\Router.php | Строка: 45
=================
[2024-01-21 15:41:27] Текст ошибки: Страница не найдена | Файл: C:\OSPanel\domains\new-ishop.loc\vendor\wfm\Router.php | Строка: 48
=================
[2024-01-21 15:42:31] Текст ошибки: Контроллер app\controllers\MainController не найден | Файл: C:\OSPanel\domains\new-ishop.loc\vendor\wfm\Router.php | Строка: 45
=================
[2024-01-21 15:42:32] Текст ошибки: Контроллер app\controllers\MainController не найден | Файл: C:\OSPanel\domains\new-ishop.loc\vendor\wfm\Router.php | Строка: 45
=================
[2024-01-21 15:42:41] Текст ошибки: Контроллер app\controllers\MainController не найден | Файл: C:\OSPanel\domains\new-ishop.loc\vendor\wfm\Router.php | Строка: 45
=================
[2024-01-21 15:43:18] Текст ошибки: Метод app\controllers\MainController::indexAction не найден | Файл: C:\OSPanel\domains\new-ishop.loc\vendor\wfm\Router.php | Строка: 42
=================
